<?xml version="1.0" encoding="UTF-8"?>
<!-- Generated by org.testng.reporters.JUnitReportReporter -->
<testsuite hostname="DESKTOP-89C6F2A" failures="0" tests="4" name="api.tests.UserTests" time="4.379" errors="0" timestamp="2024-01-04T18:54:10 EST" skipped="0">
  <testcase classname="api.tests.UserTests" name="testcreateUser" time="2.999"/>
  <system-out/>
  <testcase classname="api.tests.UserTests" name="testgetUser" time="0.335"/>
  <system-out/>
  <testcase classname="api.tests.UserTests" name="testupdateUser" time="0.687"/>
  <system-out/>
  <testcase classname="api.tests.UserTests" name="testdeleteUser" time="0.358"/>
  <system-out/>
</testsuite> <!-- api.tests.UserTests -->
