<?xml version="1.0" encoding="UTF-8"?>
<!-- Generated by org.testng.reporters.JUnitReportReporter -->
<testsuite hostname="DESKTOP-89C6F2A" failures="0" tests="4" name="api.tests.UserTests2Configfile" time="3.833" errors="0" timestamp="2024-01-05T14:24:22 EST" skipped="0">
  <testcase classname="api.tests.UserTests2Configfile" name="testcreateUser" time="2.510"/>
  <system-out/>
  <testcase classname="api.tests.UserTests2Configfile" name="testgetUser" time="0.335"/>
  <system-out/>
  <testcase classname="api.tests.UserTests2Configfile" name="testupdateUser" time="0.660"/>
  <system-out/>
  <testcase classname="api.tests.UserTests2Configfile" name="testdeleteUser" time="0.328"/>
  <system-out/>
</testsuite> <!-- api.tests.UserTests2Configfile -->
